2024-06-05 13:30:01,757 - INFO - User: good morning
2024-06-05 13:30:01,774 - INFO - Bot: Since you are a valuable Customer to company, we have a Pre-Approved Home Loan - Balance Transfer offer of balance transfer of 12 lakh. By availing this Offer, you can get a High Topup of value upto topup value upto 7 lakhs with maximum savings in EMI. Are you interested in this Offer?
2024-06-05 13:30:04,885 - INFO - User: yes
2024-06-05 13:30:04,911 - INFO - Bot: Do you have any existing home loan?
2024-06-05 13:30:07,052 - INFO - User: yes
2024-06-05 13:30:08,843 - INFO - Bot: Can you please tell me from which bank you have taken the home loan?
2024-06-05 13:30:12,568 - INFO - User: sbi
2024-06-05 13:30:14,370 - INFO - Bot: Sir, can you please help me with a few more details for sharing the exact offer details?
2024-06-05 13:30:17,790 - INFO - User: yes
2024-06-05 13:30:17,829 - INFO - Bot: What is your home loan sanction amount?
2024-06-05 13:30:20,925 - INFO - User: 200000
2024-06-05 13:30:21,078 - INFO - Bot: In which year did you take a loan?
2024-06-05 13:30:26,061 - INFO - User: 2023
2024-06-05 13:30:26,248 - INFO - Bot: What is the EMI that you are paying?
2024-06-05 13:30:29,588 - INFO - User: 230
2024-06-05 13:30:29,624 - INFO - Bot: What is your outstanding amount?
2024-06-05 13:30:31,949 - INFO - User: 345
2024-06-05 13:30:32,001 - INFO - Bot: Are you salaried or self employed?
2024-06-05 13:30:38,391 - INFO - User: saliried
2024-06-05 13:30:38,437 - INFO - Bot: What is your Date of Birth?
2024-06-05 13:30:41,750 - INFO - User: 29may
2024-06-05 13:30:41,894 - INFO - Bot: Thank you Sir for your input, can you give me few minutes so that I can come up with and offer for you? You are qualifying for a Preapproved Home Loan Balance Transfer offer of Two Lakh Twenty Nine Thousand Nine Hundred and Ninety Nine. Please let us know of a suitable day and time for scheduling your appointment with our sales manager
2024-06-05 13:30:45,853 - INFO - User: ok
2024-06-05 13:30:45,907 - INFO - Bot: Thank you Sir for your input, can you give me few minutes so that I can come up with and offer for you? You are qualifying for a Preapproved Home Loan Balance Transfer offer of Two Lakh Twenty Nine Thousand Nine Hundred and Ninety Nine. Please let us know of a suitable day and time for scheduling your appointment with our sales manager
